
*** Running vivado
    with args -log Double_PWM.vds -m64 -product Vivado -mode batch -messageDb vivado.pb -notrace -source Double_PWM.tcl


****** Vivado v2018.3 (64-bit)
  **** SW Build 2405991 on Thu Dec  6 23:38:27 MST 2018
  **** IP Build 2404404 on Fri Dec  7 01:43:56 MST 2018
    ** Copyright 1986-2018 Xilinx, Inc. All Rights Reserved.

source Double_PWM.tcl -notrace
Command: synth_design -top Double_PWM -part xc7a35tfgg484-2
Starting synth_design
Attempting to get a license for feature 'Synthesis' and/or device 'xc7a35t'
INFO: [Common 17-349] Got license for feature 'Synthesis' and/or device 'xc7a35t'
INFO: Launching helper process for spawning children vivado processes
INFO: Helper process launched with PID 9980 
---------------------------------------------------------------------------------
Starting RTL Elaboration : Time (s): cpu = 00:00:01 ; elapsed = 00:00:02 . Memory (MB): peak = 468.711 ; gain = 100.242
---------------------------------------------------------------------------------
INFO: [Synth 8-6157] synthesizing module 'Double_PWM' [E:/VivadoFPGA/4_Switches_100_Switch_Cycles_600MHz_Time_delay_off1/4_Switches_100_Switch_Cycles_600MHz_Time_delay_off1.srcs/sources_1/new/Double_PWM.v:3]
	Parameter CLK_FREQ bound to: 200 - type: integer 
	Parameter PWM_PERIOD bound to: 50 - type: integer 
	Parameter PWM_DUTY bound to: 50 - type: integer 
	Parameter HIGH_PULSE1 bound to: 30 - type: integer 
	Parameter LOW_PULSE bound to: 15 - type: integer 
	Parameter HIGH_PULSE2 bound to: 10 - type: integer 
	Parameter DEBOUNCE_TIME bound to: 20 - type: integer 
	Parameter ENABLE_DEBOUNCE bound to: 1 - type: integer 
	Parameter CONTINUOUS_MAX_CYCLES bound to: 80 - type: integer 
	Parameter ENABLE_ADJUST bound to: 0 - type: integer 
	Parameter DELTA_RISE_MAX bound to: 40 - type: integer 
	Parameter DELTA_RISE_MIN bound to: -40 - type: integer 
	Parameter DELTA_HIGH_MAX bound to: 20 - type: integer 
	Parameter DELTA_HIGH_MIN bound to: -20 - type: integer 
	Parameter PWM_ADJUST_MAX bound to: 1000 - type: integer 
	Parameter CLK_CYCLES_PER_US bound to: 200 - type: integer 
	Parameter PWM_PERIOD_CYCLES bound to: 10000 - type: integer 
	Parameter PWM_HIGH_CYCLES bound to: 5000 - type: integer 
	Parameter HIGH_PULSE1_CYCLES bound to: 6000 - type: integer 
	Parameter LOW_PULSE_CYCLES bound to: 3000 - type: integer 
	Parameter HIGH_PULSE2_CYCLES bound to: 2000 - type: integer 
	Parameter DEBOUNCE_CYCLES bound to: 4000000 - type: integer 
	Parameter IDLE bound to: 3'b000 
	Parameter CONTINUOUS_PWM bound to: 3'b001 
	Parameter DUAL_PULSE_HIGH1 bound to: 3'b010 
	Parameter DUAL_PULSE_LOW bound to: 3'b011 
	Parameter DUAL_PULSE_HIGH2 bound to: 3'b100 
	Parameter WAIT_LOCK bound to: 3'b111 
	Parameter DEBOUNCE_CYCLES_DIV bound to: 20000 - type: integer 
	Parameter SAMPLE_IDLE bound to: 3'b000 
	Parameter SAMPLE_RISING_DETECTED bound to: 3'b001 
	Parameter SAMPLE_WAIT_FALL bound to: 3'b010 
	Parameter SAMPLE_COMPLETE bound to: 3'b011 
INFO: [Synth 8-6157] synthesizing module 'clk_wiz_0' [E:/VivadoFPGA/4_Switches_100_Switch_Cycles_600MHz_Time_delay_off1/4_Switches_100_Switch_Cycles_600MHz_Time_delay_off1.runs/synth_1/.Xil/Vivado-21352-shenqidediannao/realtime/clk_wiz_0_stub.v:5]
INFO: [Synth 8-6155] done synthesizing module 'clk_wiz_0' (1#1) [E:/VivadoFPGA/4_Switches_100_Switch_Cycles_600MHz_Time_delay_off1/4_Switches_100_Switch_Cycles_600MHz_Time_delay_off1.runs/synth_1/.Xil/Vivado-21352-shenqidediannao/realtime/clk_wiz_0_stub.v:5]
WARNING: [Synth 8-6014] Unused sequential element st1_off_sync_reg was removed.  [E:/VivadoFPGA/4_Switches_100_Switch_Cycles_600MHz_Time_delay_off1/4_Switches_100_Switch_Cycles_600MHz_Time_delay_off1.srcs/sources_1/new/Double_PWM.v:244]
WARNING: [Synth 8-6014] Unused sequential element st1_on_sync_reg was removed.  [E:/VivadoFPGA/4_Switches_100_Switch_Cycles_600MHz_Time_delay_off1/4_Switches_100_Switch_Cycles_600MHz_Time_delay_off1.srcs/sources_1/new/Double_PWM.v:244]
WARNING: [Synth 8-6014] Unused sequential element st2_off_sync_reg was removed.  [E:/VivadoFPGA/4_Switches_100_Switch_Cycles_600MHz_Time_delay_off1/4_Switches_100_Switch_Cycles_600MHz_Time_delay_off1.srcs/sources_1/new/Double_PWM.v:245]
WARNING: [Synth 8-6014] Unused sequential element st2_on_sync_reg was removed.  [E:/VivadoFPGA/4_Switches_100_Switch_Cycles_600MHz_Time_delay_off1/4_Switches_100_Switch_Cycles_600MHz_Time_delay_off1.srcs/sources_1/new/Double_PWM.v:245]
WARNING: [Synth 8-6014] Unused sequential element st3_off_sync_reg was removed.  [E:/VivadoFPGA/4_Switches_100_Switch_Cycles_600MHz_Time_delay_off1/4_Switches_100_Switch_Cycles_600MHz_Time_delay_off1.srcs/sources_1/new/Double_PWM.v:246]
WARNING: [Synth 8-6014] Unused sequential element st3_on_sync_reg was removed.  [E:/VivadoFPGA/4_Switches_100_Switch_Cycles_600MHz_Time_delay_off1/4_Switches_100_Switch_Cycles_600MHz_Time_delay_off1.srcs/sources_1/new/Double_PWM.v:246]
WARNING: [Synth 8-6014] Unused sequential element st4_off_sync_reg was removed.  [E:/VivadoFPGA/4_Switches_100_Switch_Cycles_600MHz_Time_delay_off1/4_Switches_100_Switch_Cycles_600MHz_Time_delay_off1.srcs/sources_1/new/Double_PWM.v:247]
WARNING: [Synth 8-6014] Unused sequential element st4_on_sync_reg was removed.  [E:/VivadoFPGA/4_Switches_100_Switch_Cycles_600MHz_Time_delay_off1/4_Switches_100_Switch_Cycles_600MHz_Time_delay_off1.srcs/sources_1/new/Double_PWM.v:247]
WARNING: [Synth 8-6014] Unused sequential element st1_off_sync1_reg was removed.  [E:/VivadoFPGA/4_Switches_100_Switch_Cycles_600MHz_Time_delay_off1/4_Switches_100_Switch_Cycles_600MHz_Time_delay_off1.srcs/sources_1/new/Double_PWM.v:248]
WARNING: [Synth 8-6014] Unused sequential element st1_on_sync1_reg was removed.  [E:/VivadoFPGA/4_Switches_100_Switch_Cycles_600MHz_Time_delay_off1/4_Switches_100_Switch_Cycles_600MHz_Time_delay_off1.srcs/sources_1/new/Double_PWM.v:248]
WARNING: [Synth 8-6014] Unused sequential element st2_off_sync1_reg was removed.  [E:/VivadoFPGA/4_Switches_100_Switch_Cycles_600MHz_Time_delay_off1/4_Switches_100_Switch_Cycles_600MHz_Time_delay_off1.srcs/sources_1/new/Double_PWM.v:249]
WARNING: [Synth 8-6014] Unused sequential element st2_on_sync1_reg was removed.  [E:/VivadoFPGA/4_Switches_100_Switch_Cycles_600MHz_Time_delay_off1/4_Switches_100_Switch_Cycles_600MHz_Time_delay_off1.srcs/sources_1/new/Double_PWM.v:249]
WARNING: [Synth 8-6014] Unused sequential element st3_off_sync1_reg was removed.  [E:/VivadoFPGA/4_Switches_100_Switch_Cycles_600MHz_Time_delay_off1/4_Switches_100_Switch_Cycles_600MHz_Time_delay_off1.srcs/sources_1/new/Double_PWM.v:250]
WARNING: [Synth 8-6014] Unused sequential element st3_on_sync1_reg was removed.  [E:/VivadoFPGA/4_Switches_100_Switch_Cycles_600MHz_Time_delay_off1/4_Switches_100_Switch_Cycles_600MHz_Time_delay_off1.srcs/sources_1/new/Double_PWM.v:250]
WARNING: [Synth 8-6014] Unused sequential element st4_off_sync1_reg was removed.  [E:/VivadoFPGA/4_Switches_100_Switch_Cycles_600MHz_Time_delay_off1/4_Switches_100_Switch_Cycles_600MHz_Time_delay_off1.srcs/sources_1/new/Double_PWM.v:251]
WARNING: [Synth 8-6014] Unused sequential element st4_on_sync1_reg was removed.  [E:/VivadoFPGA/4_Switches_100_Switch_Cycles_600MHz_Time_delay_off1/4_Switches_100_Switch_Cycles_600MHz_Time_delay_off1.srcs/sources_1/new/Double_PWM.v:251]
WARNING: [Synth 8-6014] Unused sequential element st1_off_prev_reg was removed.  [E:/VivadoFPGA/4_Switches_100_Switch_Cycles_600MHz_Time_delay_off1/4_Switches_100_Switch_Cycles_600MHz_Time_delay_off1.srcs/sources_1/new/Double_PWM.v:252]
WARNING: [Synth 8-6014] Unused sequential element st1_on_prev_reg was removed.  [E:/VivadoFPGA/4_Switches_100_Switch_Cycles_600MHz_Time_delay_off1/4_Switches_100_Switch_Cycles_600MHz_Time_delay_off1.srcs/sources_1/new/Double_PWM.v:252]
WARNING: [Synth 8-6014] Unused sequential element st2_off_prev_reg was removed.  [E:/VivadoFPGA/4_Switches_100_Switch_Cycles_600MHz_Time_delay_off1/4_Switches_100_Switch_Cycles_600MHz_Time_delay_off1.srcs/sources_1/new/Double_PWM.v:253]
WARNING: [Synth 8-6014] Unused sequential element st2_on_prev_reg was removed.  [E:/VivadoFPGA/4_Switches_100_Switch_Cycles_600MHz_Time_delay_off1/4_Switches_100_Switch_Cycles_600MHz_Time_delay_off1.srcs/sources_1/new/Double_PWM.v:253]
WARNING: [Synth 8-6014] Unused sequential element st3_off_prev_reg was removed.  [E:/VivadoFPGA/4_Switches_100_Switch_Cycles_600MHz_Time_delay_off1/4_Switches_100_Switch_Cycles_600MHz_Time_delay_off1.srcs/sources_1/new/Double_PWM.v:254]
WARNING: [Synth 8-6014] Unused sequential element st3_on_prev_reg was removed.  [E:/VivadoFPGA/4_Switches_100_Switch_Cycles_600MHz_Time_delay_off1/4_Switches_100_Switch_Cycles_600MHz_Time_delay_off1.srcs/sources_1/new/Double_PWM.v:254]
WARNING: [Synth 8-6014] Unused sequential element st4_off_prev_reg was removed.  [E:/VivadoFPGA/4_Switches_100_Switch_Cycles_600MHz_Time_delay_off1/4_Switches_100_Switch_Cycles_600MHz_Time_delay_off1.srcs/sources_1/new/Double_PWM.v:255]
WARNING: [Synth 8-6014] Unused sequential element st4_on_prev_reg was removed.  [E:/VivadoFPGA/4_Switches_100_Switch_Cycles_600MHz_Time_delay_off1/4_Switches_100_Switch_Cycles_600MHz_Time_delay_off1.srcs/sources_1/new/Double_PWM.v:255]
WARNING: [Synth 8-6014] Unused sequential element st1_off_prev_d_reg was removed.  [E:/VivadoFPGA/4_Switches_100_Switch_Cycles_600MHz_Time_delay_off1/4_Switches_100_Switch_Cycles_600MHz_Time_delay_off1.srcs/sources_1/new/Double_PWM.v:256]
WARNING: [Synth 8-6014] Unused sequential element st1_on_prev_d_reg was removed.  [E:/VivadoFPGA/4_Switches_100_Switch_Cycles_600MHz_Time_delay_off1/4_Switches_100_Switch_Cycles_600MHz_Time_delay_off1.srcs/sources_1/new/Double_PWM.v:256]
WARNING: [Synth 8-6014] Unused sequential element st2_off_prev_d_reg was removed.  [E:/VivadoFPGA/4_Switches_100_Switch_Cycles_600MHz_Time_delay_off1/4_Switches_100_Switch_Cycles_600MHz_Time_delay_off1.srcs/sources_1/new/Double_PWM.v:257]
WARNING: [Synth 8-6014] Unused sequential element st2_on_prev_d_reg was removed.  [E:/VivadoFPGA/4_Switches_100_Switch_Cycles_600MHz_Time_delay_off1/4_Switches_100_Switch_Cycles_600MHz_Time_delay_off1.srcs/sources_1/new/Double_PWM.v:257]
WARNING: [Synth 8-6014] Unused sequential element st3_off_prev_d_reg was removed.  [E:/VivadoFPGA/4_Switches_100_Switch_Cycles_600MHz_Time_delay_off1/4_Switches_100_Switch_Cycles_600MHz_Time_delay_off1.srcs/sources_1/new/Double_PWM.v:258]
WARNING: [Synth 8-6014] Unused sequential element st3_on_prev_d_reg was removed.  [E:/VivadoFPGA/4_Switches_100_Switch_Cycles_600MHz_Time_delay_off1/4_Switches_100_Switch_Cycles_600MHz_Time_delay_off1.srcs/sources_1/new/Double_PWM.v:258]
WARNING: [Synth 8-6014] Unused sequential element st4_off_prev_d_reg was removed.  [E:/VivadoFPGA/4_Switches_100_Switch_Cycles_600MHz_Time_delay_off1/4_Switches_100_Switch_Cycles_600MHz_Time_delay_off1.srcs/sources_1/new/Double_PWM.v:259]
WARNING: [Synth 8-6014] Unused sequential element st4_on_prev_d_reg was removed.  [E:/VivadoFPGA/4_Switches_100_Switch_Cycles_600MHz_Time_delay_off1/4_Switches_100_Switch_Cycles_600MHz_Time_delay_off1.srcs/sources_1/new/Double_PWM.v:259]
WARNING: [Synth 8-6014] Unused sequential element st1_off_rising_r_reg was removed.  [E:/VivadoFPGA/4_Switches_100_Switch_Cycles_600MHz_Time_delay_off1/4_Switches_100_Switch_Cycles_600MHz_Time_delay_off1.srcs/sources_1/new/Double_PWM.v:330]
WARNING: [Synth 8-6014] Unused sequential element st1_off_falling_r_reg was removed.  [E:/VivadoFPGA/4_Switches_100_Switch_Cycles_600MHz_Time_delay_off1/4_Switches_100_Switch_Cycles_600MHz_Time_delay_off1.srcs/sources_1/new/Double_PWM.v:330]
WARNING: [Synth 8-6014] Unused sequential element st1_on_rising_r_reg was removed.  [E:/VivadoFPGA/4_Switches_100_Switch_Cycles_600MHz_Time_delay_off1/4_Switches_100_Switch_Cycles_600MHz_Time_delay_off1.srcs/sources_1/new/Double_PWM.v:331]
WARNING: [Synth 8-6014] Unused sequential element st1_on_falling_r_reg was removed.  [E:/VivadoFPGA/4_Switches_100_Switch_Cycles_600MHz_Time_delay_off1/4_Switches_100_Switch_Cycles_600MHz_Time_delay_off1.srcs/sources_1/new/Double_PWM.v:331]
WARNING: [Synth 8-6014] Unused sequential element st2_off_rising_r_reg was removed.  [E:/VivadoFPGA/4_Switches_100_Switch_Cycles_600MHz_Time_delay_off1/4_Switches_100_Switch_Cycles_600MHz_Time_delay_off1.srcs/sources_1/new/Double_PWM.v:332]
WARNING: [Synth 8-6014] Unused sequential element st2_off_falling_r_reg was removed.  [E:/VivadoFPGA/4_Switches_100_Switch_Cycles_600MHz_Time_delay_off1/4_Switches_100_Switch_Cycles_600MHz_Time_delay_off1.srcs/sources_1/new/Double_PWM.v:332]
WARNING: [Synth 8-6014] Unused sequential element st2_on_rising_r_reg was removed.  [E:/VivadoFPGA/4_Switches_100_Switch_Cycles_600MHz_Time_delay_off1/4_Switches_100_Switch_Cycles_600MHz_Time_delay_off1.srcs/sources_1/new/Double_PWM.v:333]
WARNING: [Synth 8-6014] Unused sequential element st2_on_falling_r_reg was removed.  [E:/VivadoFPGA/4_Switches_100_Switch_Cycles_600MHz_Time_delay_off1/4_Switches_100_Switch_Cycles_600MHz_Time_delay_off1.srcs/sources_1/new/Double_PWM.v:333]
WARNING: [Synth 8-6014] Unused sequential element st3_off_rising_r_reg was removed.  [E:/VivadoFPGA/4_Switches_100_Switch_Cycles_600MHz_Time_delay_off1/4_Switches_100_Switch_Cycles_600MHz_Time_delay_off1.srcs/sources_1/new/Double_PWM.v:334]
WARNING: [Synth 8-6014] Unused sequential element st3_off_falling_r_reg was removed.  [E:/VivadoFPGA/4_Switches_100_Switch_Cycles_600MHz_Time_delay_off1/4_Switches_100_Switch_Cycles_600MHz_Time_delay_off1.srcs/sources_1/new/Double_PWM.v:334]
WARNING: [Synth 8-6014] Unused sequential element st3_on_rising_r_reg was removed.  [E:/VivadoFPGA/4_Switches_100_Switch_Cycles_600MHz_Time_delay_off1/4_Switches_100_Switch_Cycles_600MHz_Time_delay_off1.srcs/sources_1/new/Double_PWM.v:335]
WARNING: [Synth 8-6014] Unused sequential element st3_on_falling_r_reg was removed.  [E:/VivadoFPGA/4_Switches_100_Switch_Cycles_600MHz_Time_delay_off1/4_Switches_100_Switch_Cycles_600MHz_Time_delay_off1.srcs/sources_1/new/Double_PWM.v:335]
WARNING: [Synth 8-6014] Unused sequential element st4_off_rising_r_reg was removed.  [E:/VivadoFPGA/4_Switches_100_Switch_Cycles_600MHz_Time_delay_off1/4_Switches_100_Switch_Cycles_600MHz_Time_delay_off1.srcs/sources_1/new/Double_PWM.v:336]
WARNING: [Synth 8-6014] Unused sequential element st4_off_falling_r_reg was removed.  [E:/VivadoFPGA/4_Switches_100_Switch_Cycles_600MHz_Time_delay_off1/4_Switches_100_Switch_Cycles_600MHz_Time_delay_off1.srcs/sources_1/new/Double_PWM.v:336]
WARNING: [Synth 8-6014] Unused sequential element st4_on_rising_r_reg was removed.  [E:/VivadoFPGA/4_Switches_100_Switch_Cycles_600MHz_Time_delay_off1/4_Switches_100_Switch_Cycles_600MHz_Time_delay_off1.srcs/sources_1/new/Double_PWM.v:337]
WARNING: [Synth 8-6014] Unused sequential element st4_on_falling_r_reg was removed.  [E:/VivadoFPGA/4_Switches_100_Switch_Cycles_600MHz_Time_delay_off1/4_Switches_100_Switch_Cycles_600MHz_Time_delay_off1.srcs/sources_1/new/Double_PWM.v:337]
WARNING: [Synth 8-6014] Unused sequential element pwm_counter_d1_reg was removed.  [E:/VivadoFPGA/4_Switches_100_Switch_Cycles_600MHz_Time_delay_off1/4_Switches_100_Switch_Cycles_600MHz_Time_delay_off1.srcs/sources_1/new/Double_PWM.v:374]
WARNING: [Synth 8-6014] Unused sequential element pwm_counter_d2_reg was removed.  [E:/VivadoFPGA/4_Switches_100_Switch_Cycles_600MHz_Time_delay_off1/4_Switches_100_Switch_Cycles_600MHz_Time_delay_off1.srcs/sources_1/new/Double_PWM.v:375]
WARNING: [Synth 8-6014] Unused sequential element sample_reset_condition_r_reg was removed.  [E:/VivadoFPGA/4_Switches_100_Switch_Cycles_600MHz_Time_delay_off1/4_Switches_100_Switch_Cycles_600MHz_Time_delay_off1.srcs/sources_1/new/Double_PWM.v:376]
WARNING: [Synth 8-6014] Unused sequential element sample_enable_r_reg was removed.  [E:/VivadoFPGA/4_Switches_100_Switch_Cycles_600MHz_Time_delay_off1/4_Switches_100_Switch_Cycles_600MHz_Time_delay_off1.srcs/sources_1/new/Double_PWM.v:400]
WARNING: [Synth 8-6014] Unused sequential element st1_off_sample_state_reg was removed.  [E:/VivadoFPGA/4_Switches_100_Switch_Cycles_600MHz_Time_delay_off1/4_Switches_100_Switch_Cycles_600MHz_Time_delay_off1.srcs/sources_1/new/Double_PWM.v:431]
WARNING: [Synth 8-6014] Unused sequential element st1_off_rise_reg was removed.  [E:/VivadoFPGA/4_Switches_100_Switch_Cycles_600MHz_Time_delay_off1/4_Switches_100_Switch_Cycles_600MHz_Time_delay_off1.srcs/sources_1/new/Double_PWM.v:432]
WARNING: [Synth 8-6014] Unused sequential element st1_off_high_reg was removed.  [E:/VivadoFPGA/4_Switches_100_Switch_Cycles_600MHz_Time_delay_off1/4_Switches_100_Switch_Cycles_600MHz_Time_delay_off1.srcs/sources_1/new/Double_PWM.v:433]
WARNING: [Synth 8-6014] Unused sequential element pwm_counter_minus_rise_st1_off_reg was removed.  [E:/VivadoFPGA/4_Switches_100_Switch_Cycles_600MHz_Time_delay_off1/4_Switches_100_Switch_Cycles_600MHz_Time_delay_off1.srcs/sources_1/new/Double_PWM.v:434]
WARNING: [Synth 8-6014] Unused sequential element st1_on_sample_state_reg was removed.  [E:/VivadoFPGA/4_Switches_100_Switch_Cycles_600MHz_Time_delay_off1/4_Switches_100_Switch_Cycles_600MHz_Time_delay_off1.srcs/sources_1/new/Double_PWM.v:486]
WARNING: [Synth 8-6014] Unused sequential element st1_on_rise_reg was removed.  [E:/VivadoFPGA/4_Switches_100_Switch_Cycles_600MHz_Time_delay_off1/4_Switches_100_Switch_Cycles_600MHz_Time_delay_off1.srcs/sources_1/new/Double_PWM.v:487]
WARNING: [Synth 8-6014] Unused sequential element st1_on_high_reg was removed.  [E:/VivadoFPGA/4_Switches_100_Switch_Cycles_600MHz_Time_delay_off1/4_Switches_100_Switch_Cycles_600MHz_Time_delay_off1.srcs/sources_1/new/Double_PWM.v:488]
WARNING: [Synth 8-6014] Unused sequential element pwm_counter_minus_rise_st1_on_reg was removed.  [E:/VivadoFPGA/4_Switches_100_Switch_Cycles_600MHz_Time_delay_off1/4_Switches_100_Switch_Cycles_600MHz_Time_delay_off1.srcs/sources_1/new/Double_PWM.v:489]
WARNING: [Synth 8-6014] Unused sequential element st1_off_rise_d1_reg was removed.  [E:/VivadoFPGA/4_Switches_100_Switch_Cycles_600MHz_Time_delay_off1/4_Switches_100_Switch_Cycles_600MHz_Time_delay_off1.srcs/sources_1/new/Double_PWM.v:553]
WARNING: [Synth 8-6014] Unused sequential element st1_off_high_d1_reg was removed.  [E:/VivadoFPGA/4_Switches_100_Switch_Cycles_600MHz_Time_delay_off1/4_Switches_100_Switch_Cycles_600MHz_Time_delay_off1.srcs/sources_1/new/Double_PWM.v:553]
WARNING: [Synth 8-6014] Unused sequential element st1_on_rise_d1_reg was removed.  [E:/VivadoFPGA/4_Switches_100_Switch_Cycles_600MHz_Time_delay_off1/4_Switches_100_Switch_Cycles_600MHz_Time_delay_off1.srcs/sources_1/new/Double_PWM.v:554]
WARNING: [Synth 8-6014] Unused sequential element st1_on_high_d1_reg was removed.  [E:/VivadoFPGA/4_Switches_100_Switch_Cycles_600MHz_Time_delay_off1/4_Switches_100_Switch_Cycles_600MHz_Time_delay_off1.srcs/sources_1/new/Double_PWM.v:554]
WARNING: [Synth 8-6014] Unused sequential element st2_off_rise_d1_reg was removed.  [E:/VivadoFPGA/4_Switches_100_Switch_Cycles_600MHz_Time_delay_off1/4_Switches_100_Switch_Cycles_600MHz_Time_delay_off1.srcs/sources_1/new/Double_PWM.v:555]
WARNING: [Synth 8-6014] Unused sequential element st2_off_high_d1_reg was removed.  [E:/VivadoFPGA/4_Switches_100_Switch_Cycles_600MHz_Time_delay_off1/4_Switches_100_Switch_Cycles_600MHz_Time_delay_off1.srcs/sources_1/new/Double_PWM.v:555]
WARNING: [Synth 8-6014] Unused sequential element st2_on_rise_d1_reg was removed.  [E:/VivadoFPGA/4_Switches_100_Switch_Cycles_600MHz_Time_delay_off1/4_Switches_100_Switch_Cycles_600MHz_Time_delay_off1.srcs/sources_1/new/Double_PWM.v:556]
WARNING: [Synth 8-6014] Unused sequential element st2_on_high_d1_reg was removed.  [E:/VivadoFPGA/4_Switches_100_Switch_Cycles_600MHz_Time_delay_off1/4_Switches_100_Switch_Cycles_600MHz_Time_delay_off1.srcs/sources_1/new/Double_PWM.v:556]
WARNING: [Synth 8-6014] Unused sequential element st3_off_rise_d1_reg was removed.  [E:/VivadoFPGA/4_Switches_100_Switch_Cycles_600MHz_Time_delay_off1/4_Switches_100_Switch_Cycles_600MHz_Time_delay_off1.srcs/sources_1/new/Double_PWM.v:557]
WARNING: [Synth 8-6014] Unused sequential element st3_off_high_d1_reg was removed.  [E:/VivadoFPGA/4_Switches_100_Switch_Cycles_600MHz_Time_delay_off1/4_Switches_100_Switch_Cycles_600MHz_Time_delay_off1.srcs/sources_1/new/Double_PWM.v:557]
WARNING: [Synth 8-6014] Unused sequential element st3_on_rise_d1_reg was removed.  [E:/VivadoFPGA/4_Switches_100_Switch_Cycles_600MHz_Time_delay_off1/4_Switches_100_Switch_Cycles_600MHz_Time_delay_off1.srcs/sources_1/new/Double_PWM.v:558]
WARNING: [Synth 8-6014] Unused sequential element st3_on_high_d1_reg was removed.  [E:/VivadoFPGA/4_Switches_100_Switch_Cycles_600MHz_Time_delay_off1/4_Switches_100_Switch_Cycles_600MHz_Time_delay_off1.srcs/sources_1/new/Double_PWM.v:558]
WARNING: [Synth 8-6014] Unused sequential element st4_off_rise_d1_reg was removed.  [E:/VivadoFPGA/4_Switches_100_Switch_Cycles_600MHz_Time_delay_off1/4_Switches_100_Switch_Cycles_600MHz_Time_delay_off1.srcs/sources_1/new/Double_PWM.v:559]
WARNING: [Synth 8-6014] Unused sequential element st4_off_high_d1_reg was removed.  [E:/VivadoFPGA/4_Switches_100_Switch_Cycles_600MHz_Time_delay_off1/4_Switches_100_Switch_Cycles_600MHz_Time_delay_off1.srcs/sources_1/new/Double_PWM.v:559]
WARNING: [Synth 8-6014] Unused sequential element st4_on_rise_d1_reg was removed.  [E:/VivadoFPGA/4_Switches_100_Switch_Cycles_600MHz_Time_delay_off1/4_Switches_100_Switch_Cycles_600MHz_Time_delay_off1.srcs/sources_1/new/Double_PWM.v:560]
WARNING: [Synth 8-6014] Unused sequential element st4_on_high_d1_reg was removed.  [E:/VivadoFPGA/4_Switches_100_Switch_Cycles_600MHz_Time_delay_off1/4_Switches_100_Switch_Cycles_600MHz_Time_delay_off1.srcs/sources_1/new/Double_PWM.v:560]
WARNING: [Synth 8-6014] Unused sequential element st1_st2_off_rise_diff_d_reg was removed.  [E:/VivadoFPGA/4_Switches_100_Switch_Cycles_600MHz_Time_delay_off1/4_Switches_100_Switch_Cycles_600MHz_Time_delay_off1.srcs/sources_1/new/Double_PWM.v:597]
WARNING: [Synth 8-6014] Unused sequential element st1_st2_off_high_diff_d_reg was removed.  [E:/VivadoFPGA/4_Switches_100_Switch_Cycles_600MHz_Time_delay_off1/4_Switches_100_Switch_Cycles_600MHz_Time_delay_off1.srcs/sources_1/new/Double_PWM.v:597]
WARNING: [Synth 8-6014] Unused sequential element st1_st2_on_rise_diff_d_reg was removed.  [E:/VivadoFPGA/4_Switches_100_Switch_Cycles_600MHz_Time_delay_off1/4_Switches_100_Switch_Cycles_600MHz_Time_delay_off1.srcs/sources_1/new/Double_PWM.v:598]
WARNING: [Synth 8-6014] Unused sequential element st1_st2_on_high_diff_d_reg was removed.  [E:/VivadoFPGA/4_Switches_100_Switch_Cycles_600MHz_Time_delay_off1/4_Switches_100_Switch_Cycles_600MHz_Time_delay_off1.srcs/sources_1/new/Double_PWM.v:598]
WARNING: [Synth 8-6014] Unused sequential element st1_st3_off_rise_diff_d_reg was removed.  [E:/VivadoFPGA/4_Switches_100_Switch_Cycles_600MHz_Time_delay_off1/4_Switches_100_Switch_Cycles_600MHz_Time_delay_off1.srcs/sources_1/new/Double_PWM.v:599]
WARNING: [Synth 8-6014] Unused sequential element st1_st3_off_high_diff_d_reg was removed.  [E:/VivadoFPGA/4_Switches_100_Switch_Cycles_600MHz_Time_delay_off1/4_Switches_100_Switch_Cycles_600MHz_Time_delay_off1.srcs/sources_1/new/Double_PWM.v:599]
WARNING: [Synth 8-6014] Unused sequential element st1_st3_on_rise_diff_d_reg was removed.  [E:/VivadoFPGA/4_Switches_100_Switch_Cycles_600MHz_Time_delay_off1/4_Switches_100_Switch_Cycles_600MHz_Time_delay_off1.srcs/sources_1/new/Double_PWM.v:600]
WARNING: [Synth 8-6014] Unused sequential element st1_st3_on_high_diff_d_reg was removed.  [E:/VivadoFPGA/4_Switches_100_Switch_Cycles_600MHz_Time_delay_off1/4_Switches_100_Switch_Cycles_600MHz_Time_delay_off1.srcs/sources_1/new/Double_PWM.v:600]
WARNING: [Synth 8-6014] Unused sequential element st1_st4_off_rise_diff_d_reg was removed.  [E:/VivadoFPGA/4_Switches_100_Switch_Cycles_600MHz_Time_delay_off1/4_Switches_100_Switch_Cycles_600MHz_Time_delay_off1.srcs/sources_1/new/Double_PWM.v:601]
WARNING: [Synth 8-6014] Unused sequential element st1_st4_off_high_diff_d_reg was removed.  [E:/VivadoFPGA/4_Switches_100_Switch_Cycles_600MHz_Time_delay_off1/4_Switches_100_Switch_Cycles_600MHz_Time_delay_off1.srcs/sources_1/new/Double_PWM.v:601]
WARNING: [Synth 8-6014] Unused sequential element st1_st4_on_rise_diff_d_reg was removed.  [E:/VivadoFPGA/4_Switches_100_Switch_Cycles_600MHz_Time_delay_off1/4_Switches_100_Switch_Cycles_600MHz_Time_delay_off1.srcs/sources_1/new/Double_PWM.v:602]
WARNING: [Synth 8-6014] Unused sequential element st1_st4_on_high_diff_d_reg was removed.  [E:/VivadoFPGA/4_Switches_100_Switch_Cycles_600MHz_Time_delay_off1/4_Switches_100_Switch_Cycles_600MHz_Time_delay_off1.srcs/sources_1/new/Double_PWM.v:602]
WARNING: [Synth 8-6014] Unused sequential element calc_enable_d1_reg was removed.  [E:/VivadoFPGA/4_Switches_100_Switch_Cycles_600MHz_Time_delay_off1/4_Switches_100_Switch_Cycles_600MHz_Time_delay_off1.srcs/sources_1/new/Double_PWM.v:603]
WARNING: [Synth 8-6014] Unused sequential element continuous_cycle_counter_d1_reg was removed.  [E:/VivadoFPGA/4_Switches_100_Switch_Cycles_600MHz_Time_delay_off1/4_Switches_100_Switch_Cycles_600MHz_Time_delay_off1.srcs/sources_1/new/Double_PWM.v:604]
WARNING: [Synth 8-6014] Unused sequential element calc_enable_d2_reg was removed.  [E:/VivadoFPGA/4_Switches_100_Switch_Cycles_600MHz_Time_delay_off1/4_Switches_100_Switch_Cycles_600MHz_Time_delay_off1.srcs/sources_1/new/Double_PWM.v:653]
WARNING: [Synth 8-6014] Unused sequential element calc_enable_d3_reg was removed.  [E:/VivadoFPGA/4_Switches_100_Switch_Cycles_600MHz_Time_delay_off1/4_Switches_100_Switch_Cycles_600MHz_Time_delay_off1.srcs/sources_1/new/Double_PWM.v:653]
WARNING: [Synth 8-6014] Unused sequential element calc_enable_d4_reg was removed.  [E:/VivadoFPGA/4_Switches_100_Switch_Cycles_600MHz_Time_delay_off1/4_Switches_100_Switch_Cycles_600MHz_Time_delay_off1.srcs/sources_1/new/Double_PWM.v:653]
WARNING: [Synth 8-6014] Unused sequential element continuous_cycle_counter_d2_reg was removed.  [E:/VivadoFPGA/4_Switches_100_Switch_Cycles_600MHz_Time_delay_off1/4_Switches_100_Switch_Cycles_600MHz_Time_delay_off1.srcs/sources_1/new/Double_PWM.v:654]
WARNING: [Synth 8-6014] Unused sequential element continuous_cycle_counter_d3_reg was removed.  [E:/VivadoFPGA/4_Switches_100_Switch_Cycles_600MHz_Time_delay_off1/4_Switches_100_Switch_Cycles_600MHz_Time_delay_off1.srcs/sources_1/new/Double_PWM.v:654]
WARNING: [Synth 8-6014] Unused sequential element continuous_cycle_counter_d4_reg was removed.  [E:/VivadoFPGA/4_Switches_100_Switch_Cycles_600MHz_Time_delay_off1/4_Switches_100_Switch_Cycles_600MHz_Time_delay_off1.srcs/sources_1/new/Double_PWM.v:654]
WARNING: [Synth 8-6014] Unused sequential element delta_sum_t21_reg was removed.  [E:/VivadoFPGA/4_Switches_100_Switch_Cycles_600MHz_Time_delay_off1/4_Switches_100_Switch_Cycles_600MHz_Time_delay_off1.srcs/sources_1/new/Double_PWM.v:656]
WARNING: [Synth 8-6014] Unused sequential element delta_sum_t22_reg was removed.  [E:/VivadoFPGA/4_Switches_100_Switch_Cycles_600MHz_Time_delay_off1/4_Switches_100_Switch_Cycles_600MHz_Time_delay_off1.srcs/sources_1/new/Double_PWM.v:656]
WARNING: [Synth 8-6014] Unused sequential element delta_sum_t23_reg was removed.  [E:/VivadoFPGA/4_Switches_100_Switch_Cycles_600MHz_Time_delay_off1/4_Switches_100_Switch_Cycles_600MHz_Time_delay_off1.srcs/sources_1/new/Double_PWM.v:656]
WARNING: [Synth 8-6014] Unused sequential element delta_sum_t24_reg was removed.  [E:/VivadoFPGA/4_Switches_100_Switch_Cycles_600MHz_Time_delay_off1/4_Switches_100_Switch_Cycles_600MHz_Time_delay_off1.srcs/sources_1/new/Double_PWM.v:656]
INFO: [Common 17-14] Message 'Synth 8-6014' appears 100 times and further instances of the messages will be disabled. Use the Tcl command set_msg_config to change the current settings.
INFO: [Synth 8-6155] done synthesizing module 'Double_PWM' (2#1) [E:/VivadoFPGA/4_Switches_100_Switch_Cycles_600MHz_Time_delay_off1/4_Switches_100_Switch_Cycles_600MHz_Time_delay_off1.srcs/sources_1/new/Double_PWM.v:3]
WARNING: [Synth 8-3331] design Double_PWM has unconnected port st1_off
WARNING: [Synth 8-3331] design Double_PWM has unconnected port st1_on
WARNING: [Synth 8-3331] design Double_PWM has unconnected port st2_off
WARNING: [Synth 8-3331] design Double_PWM has unconnected port st2_on
WARNING: [Synth 8-3331] design Double_PWM has unconnected port st3_off
WARNING: [Synth 8-3331] design Double_PWM has unconnected port st3_on
WARNING: [Synth 8-3331] design Double_PWM has unconnected port st4_off
WARNING: [Synth 8-3331] design Double_PWM has unconnected port st4_on
---------------------------------------------------------------------------------
Finished RTL Elaboration : Time (s): cpu = 00:00:02 ; elapsed = 00:00:03 . Memory (MB): peak = 524.996 ; gain = 156.527
---------------------------------------------------------------------------------

Report Check Netlist: 
+------+------------------+-------+---------+-------+------------------+
|      |Item              |Errors |Warnings |Status |Description       |
+------+------------------+-------+---------+-------+------------------+
|1     |multi_driven_nets |      0|        0|Passed |Multi driven nets |
+------+------------------+-------+---------+-------+------------------+
---------------------------------------------------------------------------------
Start Handling Custom Attributes
---------------------------------------------------------------------------------
---------------------------------------------------------------------------------
Finished Handling Custom Attributes : Time (s): cpu = 00:00:02 ; elapsed = 00:00:03 . Memory (MB): peak = 524.996 ; gain = 156.527
---------------------------------------------------------------------------------
---------------------------------------------------------------------------------
Finished RTL Optimization Phase 1 : Time (s): cpu = 00:00:02 ; elapsed = 00:00:03 . Memory (MB): peak = 524.996 ; gain = 156.527
---------------------------------------------------------------------------------
INFO: [Device 21-403] Loading part xc7a35tfgg484-2
INFO: [Project 1-570] Preparing netlist for logic optimization

Processing XDC Constraints
Initializing timing engine
Parsing XDC File [e:/VivadoFPGA/4_Switches_100_Switch_Cycles_600MHz_Time_delay_off1/4_Switches_100_Switch_Cycles_600MHz_Time_delay_off1.srcs/sources_1/ip/clk_wiz_0/clk_wiz_0/clk_wiz_0_in_context.xdc] for cell 'clk_inst'
Finished Parsing XDC File [e:/VivadoFPGA/4_Switches_100_Switch_Cycles_600MHz_Time_delay_off1/4_Switches_100_Switch_Cycles_600MHz_Time_delay_off1.srcs/sources_1/ip/clk_wiz_0/clk_wiz_0/clk_wiz_0_in_context.xdc] for cell 'clk_inst'
Parsing XDC File [E:/VivadoFPGA/4_Switches_100_Switch_Cycles_600MHz_Time_delay_off1/4_Switches_100_Switch_Cycles_600MHz_Time_delay_off1.srcs/constrs_1/new/Constraints.xdc]
Finished Parsing XDC File [E:/VivadoFPGA/4_Switches_100_Switch_Cycles_600MHz_Time_delay_off1/4_Switches_100_Switch_Cycles_600MHz_Time_delay_off1.srcs/constrs_1/new/Constraints.xdc]
INFO: [Project 1-236] Implementation specific constraints were found while reading constraint file [E:/VivadoFPGA/4_Switches_100_Switch_Cycles_600MHz_Time_delay_off1/4_Switches_100_Switch_Cycles_600MHz_Time_delay_off1.srcs/constrs_1/new/Constraints.xdc]. These constraints will be ignored for synthesis but will be used in implementation. Impacted constraints are listed in the file [.Xil/Double_PWM_propImpl.xdc].
Resolution: To avoid this warning, move constraints listed in [.Xil/Double_PWM_propImpl.xdc] to another XDC file and exclude this new file from synthesis with the used_in_synthesis property (File Properties dialog in GUI) and re-run elaboration/synthesis.
Netlist sorting complete. Time (s): cpu = 00:00:00 ; elapsed = 00:00:00 . Memory (MB): peak = 860.512 ; gain = 0.000
Completed Processing XDC Constraints

Netlist sorting complete. Time (s): cpu = 00:00:00 ; elapsed = 00:00:00 . Memory (MB): peak = 860.512 ; gain = 0.000
INFO: [Project 1-111] Unisim Transformation Summary:
No Unisim elements were transformed.

Netlist sorting complete. Time (s): cpu = 00:00:00 ; elapsed = 00:00:00 . Memory (MB): peak = 860.512 ; gain = 0.000
Constraint Validation Runtime : Time (s): cpu = 00:00:00 ; elapsed = 00:00:00.002 . Memory (MB): peak = 860.512 ; gain = 0.000
---------------------------------------------------------------------------------
Finished Constraint Validation : Time (s): cpu = 00:00:08 ; elapsed = 00:00:09 . Memory (MB): peak = 860.512 ; gain = 492.043
---------------------------------------------------------------------------------
---------------------------------------------------------------------------------
Start Loading Part and Timing Information
---------------------------------------------------------------------------------
Loading part: xc7a35tfgg484-2
---------------------------------------------------------------------------------
Finished Loading Part and Timing Information : Time (s): cpu = 00:00:08 ; elapsed = 00:00:09 . Memory (MB): peak = 860.512 ; gain = 492.043
---------------------------------------------------------------------------------
---------------------------------------------------------------------------------
Start Applying 'set_property' XDC Constraints
---------------------------------------------------------------------------------
Applied set_property IO_BUFFER_TYPE = NONE for sys_clk. (constraint file  e:/VivadoFPGA/4_Switches_100_Switch_Cycles_600MHz_Time_delay_off1/4_Switches_100_Switch_Cycles_600MHz_Time_delay_off1.srcs/sources_1/ip/clk_wiz_0/clk_wiz_0/clk_wiz_0_in_context.xdc, line 3).
Applied set_property CLOCK_BUFFER_TYPE = NONE for sys_clk. (constraint file  e:/VivadoFPGA/4_Switches_100_Switch_Cycles_600MHz_Time_delay_off1/4_Switches_100_Switch_Cycles_600MHz_Time_delay_off1.srcs/sources_1/ip/clk_wiz_0/clk_wiz_0/clk_wiz_0_in_context.xdc, line 4).
Applied set_property DONT_TOUCH = true for clk_inst. (constraint file  auto generated constraint, line ).
---------------------------------------------------------------------------------
Finished applying 'set_property' XDC Constraints : Time (s): cpu = 00:00:08 ; elapsed = 00:00:09 . Memory (MB): peak = 860.512 ; gain = 492.043
---------------------------------------------------------------------------------
INFO: [Synth 8-4471] merging register 'PWM2_reg' into 'PWM1_reg' [E:/VivadoFPGA/4_Switches_100_Switch_Cycles_600MHz_Time_delay_off1/4_Switches_100_Switch_Cycles_600MHz_Time_delay_off1.srcs/sources_1/new/Double_PWM.v:932]
INFO: [Synth 8-4471] merging register 'PWM3_reg' into 'PWM1_reg' [E:/VivadoFPGA/4_Switches_100_Switch_Cycles_600MHz_Time_delay_off1/4_Switches_100_Switch_Cycles_600MHz_Time_delay_off1.srcs/sources_1/new/Double_PWM.v:933]
INFO: [Synth 8-4471] merging register 'PWM4_reg' into 'PWM1_reg' [E:/VivadoFPGA/4_Switches_100_Switch_Cycles_600MHz_Time_delay_off1/4_Switches_100_Switch_Cycles_600MHz_Time_delay_off1.srcs/sources_1/new/Double_PWM.v:934]
INFO: [Synth 8-802] inferred FSM for state register 'current_state_reg' in module 'Double_PWM'
INFO: [Synth 8-5545] ROM "key1_debounce_counter" won't be mapped to RAM because address size (32) is larger than maximum supported(25)
INFO: [Synth 8-5545] ROM "key2_debounce_counter" won't be mapped to RAM because address size (32) is larger than maximum supported(25)
INFO: [Synth 8-5545] ROM "reset_debounce_counter" won't be mapped to RAM because address size (32) is larger than maximum supported(25)
INFO: [Synth 8-5545] ROM "key1_debounced" won't be mapped to RAM because address size (32) is larger than maximum supported(25)
INFO: [Synth 8-5545] ROM "key2_debounced" won't be mapped to RAM because address size (32) is larger than maximum supported(25)
INFO: [Synth 8-5545] ROM "reset_debounced" won't be mapped to RAM because address size (32) is larger than maximum supported(25)
INFO: [Synth 8-5544] ROM "next_state" won't be mapped to Block RAM because address size (1) smaller than threshold (5)
INFO: [Synth 8-5544] ROM "next_state" won't be mapped to Block RAM because address size (1) smaller than threshold (5)
INFO: [Synth 8-5544] ROM "next_state" won't be mapped to Block RAM because address size (1) smaller than threshold (5)
INFO: [Synth 8-5544] ROM "next_state" won't be mapped to Block RAM because address size (1) smaller than threshold (5)
INFO: [Synth 8-5544] ROM "next_state" won't be mapped to Block RAM because address size (1) smaller than threshold (5)
---------------------------------------------------------------------------------------------------
                   State |                     New Encoding |                Previous Encoding 
---------------------------------------------------------------------------------------------------
               WAIT_LOCK |                              000 |                              111
                    IDLE |                              001 |                              000
          CONTINUOUS_PWM |                              010 |                              001
        DUAL_PULSE_HIGH1 |                              011 |                              010
          DUAL_PULSE_LOW |                              100 |                              011
        DUAL_PULSE_HIGH2 |                              101 |                              100
---------------------------------------------------------------------------------------------------
INFO: [Synth 8-3354] encoded FSM with state register 'current_state_reg' using encoding 'sequential' in module 'Double_PWM'
---------------------------------------------------------------------------------
Finished RTL Optimization Phase 2 : Time (s): cpu = 00:00:09 ; elapsed = 00:00:10 . Memory (MB): peak = 860.512 ; gain = 492.043
---------------------------------------------------------------------------------

Report RTL Partitions: 
+-+--------------+------------+----------+
| |RTL Partition |Replication |Instances |
+-+--------------+------------+----------+
+-+--------------+------------+----------+
---------------------------------------------------------------------------------
Start RTL Component Statistics 
---------------------------------------------------------------------------------
Detailed RTL Component Info : 
+---Adders : 
	   2 Input     32 Bit       Adders := 5     
	   2 Input      8 Bit       Adders := 1     
	   2 Input      7 Bit       Adders := 1     
+---Registers : 
	               32 Bit    Registers := 6     
	                8 Bit    Registers := 1     
	                1 Bit    Registers := 7     
+---Muxes : 
	   2 Input     32 Bit        Muxes := 16    
	   2 Input      7 Bit        Muxes := 3     
	  19 Input      3 Bit        Muxes := 1     
	   2 Input      1 Bit        Muxes := 13    
	   6 Input      1 Bit        Muxes := 1     
---------------------------------------------------------------------------------
Finished RTL Component Statistics 
---------------------------------------------------------------------------------
---------------------------------------------------------------------------------
Start RTL Hierarchical Component Statistics 
---------------------------------------------------------------------------------
Hierarchical RTL Component report 
Module Double_PWM 
Detailed RTL Component Info : 
+---Adders : 
	   2 Input     32 Bit       Adders := 5     
	   2 Input      8 Bit       Adders := 1     
	   2 Input      7 Bit       Adders := 1     
+---Registers : 
	               32 Bit    Registers := 6     
	                8 Bit    Registers := 1     
	                1 Bit    Registers := 7     
+---Muxes : 
	   2 Input     32 Bit        Muxes := 16    
	   2 Input      7 Bit        Muxes := 3     
	  19 Input      3 Bit        Muxes := 1     
	   2 Input      1 Bit        Muxes := 13    
	   6 Input      1 Bit        Muxes := 1     
---------------------------------------------------------------------------------
Finished RTL Hierarchical Component Statistics
---------------------------------------------------------------------------------
---------------------------------------------------------------------------------
Start Part Resource Summary
---------------------------------------------------------------------------------
Part Resources:
DSPs: 90 (col length:60)
BRAMs: 100 (col length: RAMB18 60 RAMB36 30)
---------------------------------------------------------------------------------
Finished Part Resource Summary
---------------------------------------------------------------------------------
---------------------------------------------------------------------------------
Start Cross Boundary and Area Optimization
---------------------------------------------------------------------------------
Warning: Parallel synthesis criteria is not met 
INFO: [Synth 8-5545] ROM "reset_debounce_counter" won't be mapped to RAM because address size (32) is larger than maximum supported(25)
INFO: [Synth 8-5545] ROM "reset_debounced" won't be mapped to RAM because address size (32) is larger than maximum supported(25)
INFO: [Synth 8-5545] ROM "key1_debounce_counter" won't be mapped to RAM because address size (32) is larger than maximum supported(25)
INFO: [Synth 8-5545] ROM "key1_debounced" won't be mapped to RAM because address size (32) is larger than maximum supported(25)
INFO: [Synth 8-5545] ROM "key2_debounce_counter" won't be mapped to RAM because address size (32) is larger than maximum supported(25)
INFO: [Synth 8-5545] ROM "key2_debounced" won't be mapped to RAM because address size (32) is larger than maximum supported(25)
WARNING: [Synth 8-3331] design Double_PWM has unconnected port st1_off
WARNING: [Synth 8-3331] design Double_PWM has unconnected port st1_on
WARNING: [Synth 8-3331] design Double_PWM has unconnected port st2_off
WARNING: [Synth 8-3331] design Double_PWM has unconnected port st2_on
WARNING: [Synth 8-3331] design Double_PWM has unconnected port st3_off
WARNING: [Synth 8-3331] design Double_PWM has unconnected port st3_on
WARNING: [Synth 8-3331] design Double_PWM has unconnected port st4_off
WARNING: [Synth 8-3331] design Double_PWM has unconnected port st4_on
INFO: [Synth 8-3886] merging instance 'continuous_cycle_counter_reg[7]' (FDCE) to 'continuous_cycle_counter_reg[31]'
INFO: [Synth 8-3886] merging instance 'continuous_cycle_counter_reg[8]' (FDCE) to 'continuous_cycle_counter_reg[31]'
INFO: [Synth 8-3886] merging instance 'continuous_cycle_counter_reg[9]' (FDCE) to 'continuous_cycle_counter_reg[31]'
INFO: [Synth 8-3886] merging instance 'continuous_cycle_counter_reg[10]' (FDCE) to 'continuous_cycle_counter_reg[31]'
INFO: [Synth 8-3886] merging instance 'continuous_cycle_counter_reg[11]' (FDCE) to 'continuous_cycle_counter_reg[31]'
INFO: [Synth 8-3886] merging instance 'continuous_cycle_counter_reg[12]' (FDCE) to 'continuous_cycle_counter_reg[31]'
INFO: [Synth 8-3886] merging instance 'continuous_cycle_counter_reg[13]' (FDCE) to 'continuous_cycle_counter_reg[31]'
INFO: [Synth 8-3886] merging instance 'continuous_cycle_counter_reg[14]' (FDCE) to 'continuous_cycle_counter_reg[31]'
INFO: [Synth 8-3886] merging instance 'continuous_cycle_counter_reg[15]' (FDCE) to 'continuous_cycle_counter_reg[31]'
INFO: [Synth 8-3886] merging instance 'continuous_cycle_counter_reg[16]' (FDCE) to 'continuous_cycle_counter_reg[31]'
INFO: [Synth 8-3886] merging instance 'continuous_cycle_counter_reg[17]' (FDCE) to 'continuous_cycle_counter_reg[31]'
INFO: [Synth 8-3886] merging instance 'continuous_cycle_counter_reg[18]' (FDCE) to 'continuous_cycle_counter_reg[31]'
INFO: [Synth 8-3886] merging instance 'continuous_cycle_counter_reg[19]' (FDCE) to 'continuous_cycle_counter_reg[31]'
INFO: [Synth 8-3886] merging instance 'continuous_cycle_counter_reg[20]' (FDCE) to 'continuous_cycle_counter_reg[31]'
INFO: [Synth 8-3886] merging instance 'continuous_cycle_counter_reg[21]' (FDCE) to 'continuous_cycle_counter_reg[31]'
INFO: [Synth 8-3886] merging instance 'continuous_cycle_counter_reg[22]' (FDCE) to 'continuous_cycle_counter_reg[31]'
INFO: [Synth 8-3886] merging instance 'continuous_cycle_counter_reg[23]' (FDCE) to 'continuous_cycle_counter_reg[31]'
INFO: [Synth 8-3886] merging instance 'continuous_cycle_counter_reg[24]' (FDCE) to 'continuous_cycle_counter_reg[31]'
INFO: [Synth 8-3886] merging instance 'continuous_cycle_counter_reg[25]' (FDCE) to 'continuous_cycle_counter_reg[31]'
INFO: [Synth 8-3886] merging instance 'continuous_cycle_counter_reg[26]' (FDCE) to 'continuous_cycle_counter_reg[31]'
INFO: [Synth 8-3886] merging instance 'continuous_cycle_counter_reg[27]' (FDCE) to 'continuous_cycle_counter_reg[31]'
INFO: [Synth 8-3886] merging instance 'continuous_cycle_counter_reg[28]' (FDCE) to 'continuous_cycle_counter_reg[31]'
INFO: [Synth 8-3886] merging instance 'continuous_cycle_counter_reg[29]' (FDCE) to 'continuous_cycle_counter_reg[31]'
INFO: [Synth 8-3886] merging instance 'continuous_cycle_counter_reg[30]' (FDCE) to 'continuous_cycle_counter_reg[31]'
INFO: [Synth 8-3333] propagating constant 0 across sequential element (\continuous_cycle_counter_reg[31] )
---------------------------------------------------------------------------------
Finished Cross Boundary and Area Optimization : Time (s): cpu = 00:00:10 ; elapsed = 00:00:12 . Memory (MB): peak = 860.512 ; gain = 492.043
---------------------------------------------------------------------------------

Report RTL Partitions: 
+-+--------------+------------+----------+
| |RTL Partition |Replication |Instances |
+-+--------------+------------+----------+
+-+--------------+------------+----------+
---------------------------------------------------------------------------------
Start Applying XDC Timing Constraints
---------------------------------------------------------------------------------
INFO: [Synth 8-5578] Moved timing constraint from pin 'clk_inst/clk_out1' to pin 'clk_inst/bbstub_clk_out1/O'
INFO: [Synth 8-5819] Moved 1 constraints on hierarchical pins to their respective driving/loading pins
---------------------------------------------------------------------------------
Finished Applying XDC Timing Constraints : Time (s): cpu = 00:00:17 ; elapsed = 00:00:18 . Memory (MB): peak = 860.512 ; gain = 492.043
---------------------------------------------------------------------------------
---------------------------------------------------------------------------------
Start Timing Optimization
---------------------------------------------------------------------------------
---------------------------------------------------------------------------------
Finished Timing Optimization : Time (s): cpu = 00:00:17 ; elapsed = 00:00:19 . Memory (MB): peak = 877.785 ; gain = 509.316
---------------------------------------------------------------------------------

Report RTL Partitions: 
+-+--------------+------------+----------+
| |RTL Partition |Replication |Instances |
+-+--------------+------------+----------+
+-+--------------+------------+----------+
---------------------------------------------------------------------------------
Start Technology Mapping
---------------------------------------------------------------------------------
---------------------------------------------------------------------------------
Finished Technology Mapping : Time (s): cpu = 00:00:17 ; elapsed = 00:00:19 . Memory (MB): peak = 886.371 ; gain = 517.902
---------------------------------------------------------------------------------

Report RTL Partitions: 
+-+--------------+------------+----------+
| |RTL Partition |Replication |Instances |
+-+--------------+------------+----------+
+-+--------------+------------+----------+
---------------------------------------------------------------------------------
Start IO Insertion
---------------------------------------------------------------------------------
---------------------------------------------------------------------------------
Start Flattening Before IO Insertion
---------------------------------------------------------------------------------
---------------------------------------------------------------------------------
Finished Flattening Before IO Insertion
---------------------------------------------------------------------------------
---------------------------------------------------------------------------------
Start Final Netlist Cleanup
---------------------------------------------------------------------------------
---------------------------------------------------------------------------------
Finished Final Netlist Cleanup
---------------------------------------------------------------------------------
---------------------------------------------------------------------------------
Finished IO Insertion : Time (s): cpu = 00:00:18 ; elapsed = 00:00:20 . Memory (MB): peak = 886.371 ; gain = 517.902
---------------------------------------------------------------------------------

Report Check Netlist: 
+------+------------------+-------+---------+-------+------------------+
|      |Item              |Errors |Warnings |Status |Description       |
+------+------------------+-------+---------+-------+------------------+
|1     |multi_driven_nets |      0|        0|Passed |Multi driven nets |
+------+------------------+-------+---------+-------+------------------+
---------------------------------------------------------------------------------
Start Renaming Generated Instances
---------------------------------------------------------------------------------
---------------------------------------------------------------------------------
Finished Renaming Generated Instances : Time (s): cpu = 00:00:18 ; elapsed = 00:00:20 . Memory (MB): peak = 886.371 ; gain = 517.902
---------------------------------------------------------------------------------

Report RTL Partitions: 
+-+--------------+------------+----------+
| |RTL Partition |Replication |Instances |
+-+--------------+------------+----------+
+-+--------------+------------+----------+
---------------------------------------------------------------------------------
Start Rebuilding User Hierarchy
---------------------------------------------------------------------------------
---------------------------------------------------------------------------------
Finished Rebuilding User Hierarchy : Time (s): cpu = 00:00:18 ; elapsed = 00:00:20 . Memory (MB): peak = 886.371 ; gain = 517.902
---------------------------------------------------------------------------------
---------------------------------------------------------------------------------
Start Renaming Generated Ports
---------------------------------------------------------------------------------
---------------------------------------------------------------------------------
Finished Renaming Generated Ports : Time (s): cpu = 00:00:18 ; elapsed = 00:00:20 . Memory (MB): peak = 886.371 ; gain = 517.902
---------------------------------------------------------------------------------
---------------------------------------------------------------------------------
Start Handling Custom Attributes
---------------------------------------------------------------------------------
---------------------------------------------------------------------------------
Finished Handling Custom Attributes : Time (s): cpu = 00:00:18 ; elapsed = 00:00:20 . Memory (MB): peak = 886.371 ; gain = 517.902
---------------------------------------------------------------------------------
---------------------------------------------------------------------------------
Start Renaming Generated Nets
---------------------------------------------------------------------------------
---------------------------------------------------------------------------------
Finished Renaming Generated Nets : Time (s): cpu = 00:00:18 ; elapsed = 00:00:20 . Memory (MB): peak = 886.371 ; gain = 517.902
---------------------------------------------------------------------------------
---------------------------------------------------------------------------------
Start Writing Synthesis Report
---------------------------------------------------------------------------------

Report BlackBoxes: 
+------+--------------+----------+
|      |BlackBox name |Instances |
+------+--------------+----------+
|1     |clk_wiz_0     |         1|
+------+--------------+----------+

Report Cell Usage: 
+------+----------+------+
|      |Cell      |Count |
+------+----------+------+
|1     |clk_wiz_0 |     1|
|2     |CARRY4    |    47|
|3     |LUT1      |     5|
|4     |LUT2      |    44|
|5     |LUT3      |    11|
|6     |LUT4      |    23|
|7     |LUT5      |   155|
|8     |LUT6      |    25|
|9     |FDCE      |   211|
|10    |IBUF      |     4|
|11    |OBUF      |     8|
+------+----------+------+

Report Instance Areas: 
+------+---------+-------+------+
|      |Instance |Module |Cells |
+------+---------+-------+------+
|1     |top      |       |   535|
+------+---------+-------+------+
---------------------------------------------------------------------------------
Finished Writing Synthesis Report : Time (s): cpu = 00:00:18 ; elapsed = 00:00:20 . Memory (MB): peak = 886.371 ; gain = 517.902
---------------------------------------------------------------------------------
Synthesis finished with 0 errors, 0 critical warnings and 8 warnings.
Synthesis Optimization Runtime : Time (s): cpu = 00:00:12 ; elapsed = 00:00:15 . Memory (MB): peak = 886.371 ; gain = 182.387
Synthesis Optimization Complete : Time (s): cpu = 00:00:18 ; elapsed = 00:00:20 . Memory (MB): peak = 886.371 ; gain = 517.902
INFO: [Project 1-571] Translating synthesized netlist
INFO: [Netlist 29-17] Analyzing 47 Unisim elements for replacement
INFO: [Netlist 29-28] Unisim Transformation completed in 0 CPU seconds
INFO: [Project 1-570] Preparing netlist for logic optimization
INFO: [Opt 31-138] Pushed 0 inverter(s) to 0 load pin(s).
Netlist sorting complete. Time (s): cpu = 00:00:00 ; elapsed = 00:00:00 . Memory (MB): peak = 886.371 ; gain = 0.000
INFO: [Project 1-111] Unisim Transformation Summary:
No Unisim elements were transformed.

INFO: [Common 17-83] Releasing license: Synthesis
66 Infos, 116 Warnings, 0 Critical Warnings and 0 Errors encountered.
synth_design completed successfully
synth_design: Time (s): cpu = 00:00:20 ; elapsed = 00:00:22 . Memory (MB): peak = 886.371 ; gain = 529.398
Netlist sorting complete. Time (s): cpu = 00:00:00 ; elapsed = 00:00:00 . Memory (MB): peak = 886.371 ; gain = 0.000
WARNING: [Constraints 18-5210] No constraints selected for write.
Resolution: This message can indicate that there are no constraints for the design, or it can indicate that the used_in flags are set such that the constraints are ignored. This later case is used when running synth_design to not write synthesis constraints to the resulting checkpoint. Instead, project constraints are read when the synthesized design is opened.
INFO: [Common 17-1381] The checkpoint 'E:/VivadoFPGA/4_Switches_100_Switch_Cycles_600MHz_Time_delay_off1/4_Switches_100_Switch_Cycles_600MHz_Time_delay_off1.runs/synth_1/Double_PWM.dcp' has been generated.
INFO: [runtcl-4] Executing : report_utilization -file Double_PWM_utilization_synth.rpt -pb Double_PWM_utilization_synth.pb
INFO: [Common 17-206] Exiting Vivado at Wed Oct 22 19:20:19 2025...
